Android/app/build/outputs/logs/manifest-merger-debug-report.txt
-- Merging decision tree log ---
manifest
ADDED from src\main\AndroidManifest.xml:2:1-85:12
	xmlns:android
		ADDED from src\main\AndroidManifest.xml:2:11-69
	package
		ADDED from src\main\AndroidManifest.xml:3:5-35
		INJECTED from src\main\AndroidManifest.xml
		INJECTED from src\main\AndroidManifest.xml
	android:versionName
		ADDED from src\main\AndroidManifest.xml:5:5-30
	android:versionCode
		ADDED from src\main\AndroidManifest.xml:4:5-28
		INJECTED from src\main\AndroidManifest.xml
		INJECTED from src\main\AndroidManifest.xml
uses-sdk
ADDED from src\main\AndroidManifest.xml:7:5-9:41
MERGED from [com.android.support:appcompat-v7:23.1.1] AndroidManifest.xml:20:5-43
MERGED from [com.android.support:support-v4:23.1.1] AndroidManifest.xml:20:5-43
	android:targetSdkVersion
		ADDED from src\main\AndroidManifest.xml:9:9-38
		INJECTED from src\main\AndroidManifest.xml
		INJECTED from src\main\AndroidManifest.xml
	android:minSdkVersion
		ADDED from src\main\AndroidManifest.xml:8:9-35
		INJECTED from src\main\AndroidManifest.xml
		INJECTED from src\main\AndroidManifest.xml
uses-permission#android.permission.WRITE_EXTERNAL_STORAGE
ADDED from src\main\AndroidManifest.xml:11:5-81
	android:name
		ADDED from src\main\AndroidManifest.xml:11:22-78
uses-permission#android.permission.WRITE_SETTINGS
ADDED from src\main\AndroidManifest.xml:12:5-73
	android:name
		ADDED from src\main\AndroidManifest.xml:12:22-70
uses-permission#android.permission.WRITE_PROFILE
ADDED from src\main\AndroidManifest.xml:13:5-72
	android:name
		ADDED from src\main\AndroidManifest.xml:13:22-69
uses-permission#android.permission.INTERNET
ADDED from src\main\AndroidManifest.xml:14:5-67
	android:name
		ADDED from src\main\AndroidManifest.xml:14:22-64
uses-permission#android.permission.ACCESS_NETWORK_STATE
ADDED from src\main\AndroidManifest.xml:15:5-79
	android:name
		ADDED from src\main\AndroidManifest.xml:15:22-76
uses-permission#android.permission.READ_PHONE_STATE
ADDED from src\main\AndroidManifest.xml:16:5-75
	android:name
		ADDED from src\main\AndroidManifest.xml:16:22-72
uses-permission#android.permission.ACCESS_WIFI_STATE
ADDED from src\main\AndroidManifest.xml:17:5-76
	android:name
		ADDED from src\main\AndroidManifest.xml:17:22-73
uses-permission#com.android.launcher.permission.READ_SETTINGS
ADDED from src\main\AndroidManifest.xml:18:5-85
	android:name
		ADDED from src\main\AndroidManifest.xml:18:22-82
uses-permission#android.permission.ACCESS_COARSE_LOCATION
ADDED from src\main\AndroidManifest.xml:19:5-81
	android:name
		ADDED from src\main\AndroidManifest.xml:19:22-78
uses-permission#android.permission.ACCESS_FINE_LOCATION
ADDED from src\main\AndroidManifest.xml:20:5-79
	android:name
		ADDED from src\main\AndroidManifest.xml:20:22-76
uses-permission#android.permission.MOUNT_UNMOUNT_FILESYSTEMS
ADDED from src\main\AndroidManifest.xml:21:5-84
	android:name
		ADDED from src\main\AndroidManifest.xml:21:22-81
uses-permission#android.permission.READ_EXTERNAL_STORAGE
ADDED from src\main\AndroidManifest.xml:22:5-80
	android:name
		ADDED from src\main\AndroidManifest.xml:22:22-77
application
ADDED from src\main\AndroidManifest.xml:24:5-83:19
MERGED from [com.android.support:appcompat-v7:23.1.1] AndroidManifest.xml:22:5-20
MERGED from [com.android.support:support-v4:23.1.1] AndroidManifest.xml:22:5-20
	android:label
		ADDED from src\main\AndroidManifest.xml:28:9-41
	android:allowBackup
		ADDED from src\main\AndroidManifest.xml:26:9-35
	android:icon
		ADDED from src\main\AndroidManifest.xml:27:9-45
	android:theme
		ADDED from src\main\AndroidManifest.xml:29:9-50
	android:name
		ADDED from src\main\AndroidManifest.xml:25:9-28
meta-data#com.baidu.lbsapi.API_KEY
ADDED from src\main\AndroidManifest.xml:30:9-32:56
	android:name
		ADDED from src\main\AndroidManifest.xml:31:13-52
	android:value
		ADDED from src\main\AndroidManifest.xml:32:13-53
service#com.avos.avoscloud.PushService
ADDED from src\main\AndroidManifest.xml:34:9-66
	android:name
		ADDED from src\main\AndroidManifest.xml:34:18-63
receiver#com.avos.avoscloud.AVBroadcastReceiver
ADDED from src\main\AndroidManifest.xml:36:9-41:20
	android:name
		ADDED from src\main\AndroidManifest.xml:36:19-72
intent-filter#android.intent.action.BOOT_COMPLETED+android.intent.action.USER_PRESENT
ADDED from src\main\AndroidManifest.xml:37:13-40:29
action#android.intent.action.BOOT_COMPLETED
ADDED from src\main\AndroidManifest.xml:38:17-79
	android:name
		ADDED from src\main\AndroidManifest.xml:38:25-76
action#android.intent.action.USER_PRESENT
ADDED from src\main\AndroidManifest.xml:39:17-77
	android:name
		ADDED from src\main\AndroidManifest.xml:39:25-74
activity#com.example.exercise.LoginActivity
ADDED from src\main\AndroidManifest.xml:43:9-51:20
	android:label
		ADDED from src\main\AndroidManifest.xml:45:13-45
	android:name
		ADDED from src\main\AndroidManifest.xml:44:13-42
intent-filter#android.intent.action.MAIN+android.intent.category.LAUNCHER
ADDED from src\main\AndroidManifest.xml:46:13-50:29
action#android.intent.action.MAIN
ADDED from src\main\AndroidManifest.xml:47:17-69
	android:name
		ADDED from src\main\AndroidManifest.xml:47:25-66
category#android.intent.category.LAUNCHER
ADDED from src\main\AndroidManifest.xml:49:17-77
	android:name
		ADDED from src\main\AndroidManifest.xml:49:27-74
activity#com.example.exercise.RegisterActivity
ADDED from src\main\AndroidManifest.xml:52:9-54:57
	android:label
		ADDED from src\main\AndroidManifest.xml:54:13-45
	android:name
		ADDED from src\main\AndroidManifest.xml:53:13-45
activity#com.example.exercise.ForgetPasswdActivity
ADDED from src\main\AndroidManifest.xml:55:9-57:57
	android:label
		ADDED from src\main\AndroidManifest.xml:57:13-45
	android:name
		ADDED from src\main\AndroidManifest.xml:56:13-49
activity#com.example.exercise.MainActivity
ADDED from src\main\AndroidManifest.xml:58:9-60:57
	android:label
		ADDED from src\main\AndroidManifest.xml:60:13-45
	android:name
		ADDED from src\main\AndroidManifest.xml:59:13-41
activity#com.example.exercise.RunActivity
ADDED from src\main\AndroidManifest.xml:61:9-63:57
	android:label
		ADDED from src\main\AndroidManifest.xml:63:13-45
	android:name
		ADDED from src\main\AndroidManifest.xml:62:13-40
activity#com.example.exercise.UpdownActivity
ADDED from src\main\AndroidManifest.xml:64:9-61
	android:name
		ADDED from src\main\AndroidManifest.xml:64:19-49
activity#com.example.exercise.RunRecordActivity
ADDED from src\main\AndroidManifest.xml:65:9-64
	android:name
		ADDED from src\main\AndroidManifest.xml:65:19-52
activity#com.example.exercise.RecordDetailActivity
ADDED from src\main\AndroidManifest.xml:66:9-67
	android:name
		ADDED from src\main\AndroidManifest.xml:66:19-55
activity#com.example.exercise.UpdownRecordActivity
ADDED from src\main\AndroidManifest.xml:67:9-67
	android:name
		ADDED from src\main\AndroidManifest.xml:67:19-55
activity#com.example.exercise.ui.FollowListActivity
ADDED from src\main\AndroidManifest.xml:68:9-59
	android:name
		ADDED from src\main\AndroidManifest.xml:68:19-56
activity#com.example.exercise.ui.StatusSendActivity
ADDED from src\main\AndroidManifest.xml:69:9-71:56
	android:label
		ADDED from src\main\AndroidManifest.xml:71:13-53
	android:name
		ADDED from src\main\AndroidManifest.xml:70:13-50
activity#com.example.exercise.ui.ImageBrowserActivity
ADDED from src\main\AndroidManifest.xml:72:9-61
	android:name
		ADDED from src\main\AndroidManifest.xml:72:19-58
activity#com.example.exercise.ui.PersonActivity
ADDED from src\main\AndroidManifest.xml:73:9-75:61
	android:label
		ADDED from src\main\AndroidManifest.xml:75:13-58
	android:name
		ADDED from src\main\AndroidManifest.xml:74:13-46
activity#com.example.exercise.ui.StatusListActivity
ADDED from src\main\AndroidManifest.xml:76:9-78:57
	android:label
		ADDED from src\main\AndroidManifest.xml:78:13-54
	android:name
		ADDED from src\main\AndroidManifest.xml:77:13-50
activity#com.example.exercise.ui.UserListActivity
ADDED from src\main\AndroidManifest.xml:79:9-81:51
	android:label
		ADDED from src\main\AndroidManifest.xml:81:13-48
	android:name
		ADDED from src\main\AndroidManifest.xml:80:13-48
activity#com.example.exercise.RecommendUserActivity
ADDED from src\main\AndroidManifest.xml:82:9-68
	android:name
		ADDED from src\main\AndroidManifest.xml:82:19-56